# JRE version: Java(TM) SE Runtime Environment (17.0.8+9) (build 17.0.8+9-LTS-211)
# Java VM: Java HotSpot(TM) 64-Bit Server VM (17.0.8+9-LTS-211, mixed mode, sharing, tiered, compressed oops, compressed class ptrs, g1 gc, windows-amd64)
GC Precious Log:
 CPUs: 4 total, 4 available
 Memory: 3863M
 Large Page Support: Disabled
 NUMA Support: Disabled
 Compressed Oops: Enabled (32-bit)
 Heap Region Size: 1M
 Heap Min Capacity: 8M
 Heap Initial Capacity: 62M
 Heap Max Capacity: 966M
 Pre-touch: Disabled
 Parallel Workers: 4
 Concurrent Workers: 1
 Concurrent Refinement Workers: 4
 Periodic GC: Disabled
Heap:
 garbage-first heap   total 45056K, used 22569K [0x00000000c3a00000, 0x0000000100000000)
  region size 1024K, 6 young (6144K), 3 survivors (3072K)
 Metaspace       used 26570K, committed 26880K, reserved 1114112K
  class space    used 3132K, committed 3264K, reserved 1048576K
GC Heap History (14 events):
Event: 1.122 GC heap before
{Heap before GC invocations=0 (full 0):
 garbage-first heap   total 63488K, used 13312K [0x00000000c3a00000, 0x0000000100000000)
  region size 1024K, 13 young (13312K), 0 survivors (0K)
 Metaspace       used 3697K, committed 3840K, reserved 1114112K
  class space    used 401K, committed 448K, reserved 1048576K
}
Event: 1.128 GC heap after
{Heap after GC invocations=1 (full 0):
 garbage-first heap   total 63488K, used 3280K [0x00000000c3a00000, 0x0000000100000000)
  region size 1024K, 2 young (2048K), 2 survivors (2048K)
 Metaspace       used 3697K, committed 3840K, reserved 1114112K
  class space    used 401K, committed 448K, reserved 1048576K
}
Event: 1.450 GC heap before
{Heap before GC invocations=1 (full 0):
 garbage-first heap   total 63488K, used 17616K [0x00000000c3a00000, 0x0000000100000000)
  region size 1024K, 16 young (16384K), 2 survivors (2048K)
 Metaspace       used 5771K, committed 5952K, reserved 1114112K
  class space    used 692K, committed 768K, reserved 1048576K
}
Event: 1.455 GC heap after
{Heap after GC invocations=2 (full 0):
 garbage-first heap   total 63488K, used 4186K [0x00000000c3a00000, 0x0000000100000000)
  region size 1024K, 1 young (1024K), 1 survivors (1024K)
 Metaspace       used 5771K, committed 5952K, reserved 1114112K
  class space    used 692K, committed 768K, reserved 1048576K
}
Event: 2.586 GC heap before
{Heap before GC invocations=2 (full 0):
 garbage-first heap   total 63488K, used 41050K [0x00000000c3a00000, 0x0000000100000000)
  region size 1024K, 37 young (37888K), 1 survivors (1024K)
 Metaspace       used 11730K, committed 11904K, reserved 1114112K
  class space    used 1447K, committed 1536K, reserved 1048576K
}
Event: 2.593 GC heap after
{Heap after GC invocations=3 (full 0):
 garbage-first heap   total 63488K, used 6464K [0x00000000c3a00000, 0x0000000100000000)
  region size 1024K, 3 young (3072K), 3 survivors (3072K)
 Metaspace       used 11730K, committed 11904K, reserved 1114112K
  class space    used 1447K, committed 1536K, reserved 1048576K
}
Event: 3.530 GC heap before
{Heap before GC invocations=3 (full 0):
 garbage-first heap   total 63488K, used 41280K [0x00000000c3a00000, 0x0000000100000000)
  region size 1024K, 37 young (37888K), 3 survivors (3072K)
 Metaspace       used 15132K, committed 15360K, reserved 1114112K
  class space    used 1822K, committed 1920K, reserved 1048576K
}
Event: 3.540 GC heap after
{Heap after GC invocations=4 (full 0):
 garbage-first heap   total 63488K, used 9291K [0x00000000c3a00000, 0x0000000100000000)
  region size 1024K, 5 young (5120K), 5 survivors (5120K)
 Metaspace       used 15132K, committed 15360K, reserved 1114112K
  class space    used 1822K, committed 1920K, reserved 1048576K
}
Event: 4.580 GC heap before
{Heap before GC invocations=4 (full 0):
 garbage-first heap   total 63488K, used 41035K [0x00000000c3a00000, 0x0000000100000000)
  region size 1024K, 37 young (37888K), 5 survivors (5120K)
 Metaspace       used 21301K, committed 21504K, reserved 1114112K
  class space    used 2563K, committed 2688K, reserved 1048576K
}
Event: 4.592 GC heap after
{Heap after GC invocations=5 (full 0):
 garbage-first heap   total 63488K, used 12104K [0x00000000c3a00000, 0x0000000100000000)
  region size 1024K, 3 young (3072K), 3 survivors (3072K)
 Metaspace       used 21301K, committed 21504K, reserved 1114112K
  class space    used 2563K, committed 2688K, reserved 1048576K
}
Event: 5.043 GC heap before
{Heap before GC invocations=6 (full 0):
 garbage-first heap   total 45056K, used 35656K [0x00000000c3a00000, 0x0000000100000000)
  region size 1024K, 26 young (26624K), 3 survivors (3072K)
 Metaspace       used 24565K, committed 24832K, reserved 1114112K
  class space    used 2910K, committed 3072K, reserved 1048576K
}
Event: 5.058 GC heap after
{Heap after GC invocations=7 (full 0):
 garbage-first heap   total 45056K, used 18248K [0x00000000c3a00000, 0x0000000100000000)
  region size 1024K, 4 young (4096K), 4 survivors (4096K)
 Metaspace       used 24565K, committed 24832K, reserved 1114112K
  class space    used 2910K, committed 3072K, reserved 1048576K
}
Event: 5.576 GC heap before
{Heap before GC invocations=7 (full 0):
 garbage-first heap   total 45056K, used 31560K [0x00000000c3a00000, 0x0000000100000000)
  region size 1024K, 17 young (17408K), 4 survivors (4096K)
 Metaspace       used 26227K, committed 26560K, reserved 1114112K
  class space    used 3094K, committed 3264K, reserved 1048576K
}
Event: 5.584 GC heap after
{Heap after GC invocations=8 (full 0):
 garbage-first heap   total 45056K, used 20521K [0x00000000c3a00000, 0x0000000100000000)
  region size 1024K, 3 young (3072K), 3 survivors (3072K)
 Metaspace       used 26227K, committed 26560K, reserved 1114112K
  class space    used 3094K, committed 3264K, reserved 1048576K
}

